<?xml version="1.0" encoding="UTF-8"?>
<robot generator="Robot 7.1 (Python 3.10.12 on linux)" generated="2024-10-14T15:17:31.237849" rpa="false" schemaversion="5">
<suite id="s1" name="TC05" source="/opt/dev/projects/FeedzRobot/Tests/Feedz/TC05.robot">
<test id="s1-t1" name="TC05 - Acesse a aba comunicados" line="7">
<kw name="Dado que eu acesse feedz" owner="Login_Steps">
<kw name="Open Browser" owner="SeleniumLibrary">
<msg time="2024-10-14T15:17:31.367036" level="INFO">Opening browser 'chrome' to base url 'https://app.feedz.com.br/inicio'.</msg>
<arg>${URL}</arg>
<arg>${Browser}</arg>
<doc>Opens a new browser instance to the optional ``url``.</doc>
<status status="PASS" start="2024-10-14T15:17:31.366746" elapsed="2.674407"/>
</kw>
<kw name="Maximize Browser Window" owner="SeleniumLibrary">
<doc>Maximizes current browser window.</doc>
<status status="PASS" start="2024-10-14T15:17:34.041709" elapsed="0.019076"/>
</kw>
<status status="PASS" start="2024-10-14T15:17:31.366069" elapsed="2.695690"/>
</kw>
<kw name="E realize o login" owner="Login_Steps">
<kw name="Wait Until Element Is Visible" owner="SeleniumLibrary">
<arg>${Login.Preencher_Email}</arg>
<arg>15</arg>
<doc>Waits until the element ``locator`` is visible.</doc>
<status status="PASS" start="2024-10-14T15:17:34.063732" elapsed="0.106285"/>
</kw>
<kw name="Input Text" owner="SeleniumLibrary">
<msg time="2024-10-14T15:17:34.173861" level="INFO">Typing text 'jacksonsantos@almavivasolutions.com.br' into text field '//*[@id="login_email"]'.</msg>
<arg>${Login.Preencher_Email}</arg>
<arg>${Email}</arg>
<doc>Types the given ``text`` into the text field identified by ``locator``.</doc>
<status status="PASS" start="2024-10-14T15:17:34.172129" elapsed="0.138890"/>
</kw>
<kw name="Wait Until Element Is Visible" owner="SeleniumLibrary">
<arg>${Login.Preencher_Senha}</arg>
<arg>15</arg>
<doc>Waits until the element ``locator`` is visible.</doc>
<status status="PASS" start="2024-10-14T15:17:34.311405" elapsed="0.026989"/>
</kw>
<kw name="Click Element" owner="SeleniumLibrary">
<msg time="2024-10-14T15:17:34.339657" level="INFO">Clicking element '//*[@id="passInput"]'.</msg>
<arg>${Login.Preencher_Senha}</arg>
<doc>Click the element identified by ``locator``.</doc>
<status status="PASS" start="2024-10-14T15:17:34.338780" elapsed="0.037324"/>
</kw>
<kw name="Input Text" owner="SeleniumLibrary">
<msg time="2024-10-14T15:17:34.377622" level="INFO">Typing text 'JSdS210455$#' into text field '//*[@id="passInput"]'.</msg>
<arg>${Login.Preencher_Senha}</arg>
<arg>${Senha}</arg>
<doc>Types the given ``text`` into the text field identified by ``locator``.</doc>
<status status="PASS" start="2024-10-14T15:17:34.376488" elapsed="0.043936"/>
</kw>
<kw name="Wait Until Element Is Visible" owner="SeleniumLibrary">
<arg>${Login.Clicar_Entrar}</arg>
<arg>15</arg>
<doc>Waits until the element ``locator`` is visible.</doc>
<status status="PASS" start="2024-10-14T15:17:34.420823" elapsed="0.013695"/>
</kw>
<kw name="Click Element" owner="SeleniumLibrary">
<msg time="2024-10-14T15:17:34.435412" level="INFO">Clicking element '//*[@id="enter-login"]'.</msg>
<arg>${Login.Clicar_Entrar}</arg>
<doc>Click the element identified by ``locator``.</doc>
<status status="PASS" start="2024-10-14T15:17:34.434832" elapsed="0.031058"/>
</kw>
<kw name="Sleep" owner="BuiltIn">
<msg time="2024-10-14T15:17:49.467190" level="INFO">Slept 15 seconds.</msg>
<arg>15s</arg>
<doc>Pauses the test executed for the given time.</doc>
<status status="PASS" start="2024-10-14T15:17:34.466322" elapsed="15.001712"/>
</kw>
<status status="PASS" start="2024-10-14T15:17:34.062967" elapsed="15.405551"/>
</kw>
<kw name="Dado que eu esteja na pagina inicial do Feedz4" owner="Comunicados_Steps">
<kw name="Wait Until Element Is Visible" owner="SeleniumLibrary">
<arg>${Comunicados.Click_Caixinha}</arg>
<arg>10</arg>
<doc>Waits until the element ``locator`` is visible.</doc>
<status status="PASS" start="2024-10-14T15:17:49.470794" elapsed="0.026495"/>
</kw>
<kw name="Click Element" owner="SeleniumLibrary">
<msg time="2024-10-14T15:17:49.498164" level="INFO">Clicking element '//*[@id="dropdownMenuMobile"]'.</msg>
<arg>${Comunicados.Click_Caixinha}</arg>
<doc>Click the element identified by ``locator``.</doc>
<status status="PASS" start="2024-10-14T15:17:49.497589" elapsed="0.032753"/>
</kw>
<kw name="Wait Until Element Is Visible" owner="SeleniumLibrary">
<arg>${Comunicados.Perfil_Comunicados}</arg>
<arg>10</arg>
<doc>Waits until the element ``locator`` is visible.</doc>
<status status="PASS" start="2024-10-14T15:17:49.530651" elapsed="0.016884"/>
</kw>
<kw name="Click Element" owner="SeleniumLibrary">
<msg time="2024-10-14T15:17:49.548527" level="INFO">Clicking element '(//*[@href="/comunicados"])[2]'.</msg>
<arg>${Comunicados.Perfil_Comunicados}</arg>
<doc>Click the element identified by ``locator``.</doc>
<status status="PASS" start="2024-10-14T15:17:49.547866" elapsed="1.552032"/>
</kw>
<status status="PASS" start="2024-10-14T15:17:49.469662" elapsed="1.630720"/>
</kw>
<kw name="E esteja no comunicados" owner="Comunicados_Steps">
<kw name="Wait Until Element Is Visible" owner="SeleniumLibrary">
<arg>${Comunicados.Itens_Paginas}</arg>
<arg>10</arg>
<doc>Waits until the element ``locator`` is visible.</doc>
<status status="PASS" start="2024-10-14T15:17:51.102333" elapsed="1.338720"/>
</kw>
<kw name="Scroll Element Into View" owner="SeleniumLibrary">
<arg>${Comunicados.Itens_Paginas}</arg>
<doc>Scrolls the element identified by ``locator`` into view.</doc>
<status status="PASS" start="2024-10-14T15:17:52.441365" elapsed="0.277002"/>
</kw>
<kw name="Click Element" owner="SeleniumLibrary">
<msg time="2024-10-14T15:17:52.720611" level="INFO">Clicking element '//*[@class="select-style"]'.</msg>
<arg>${Comunicados.Itens_Paginas}</arg>
<doc>Click the element identified by ``locator``.</doc>
<status status="PASS" start="2024-10-14T15:17:52.719073" elapsed="0.053063"/>
</kw>
<kw name="Sleep" owner="BuiltIn">
<msg time="2024-10-14T15:17:57.774080" level="INFO">Slept 5 seconds.</msg>
<arg>5s</arg>
<doc>Pauses the test executed for the given time.</doc>
<status status="PASS" start="2024-10-14T15:17:52.772775" elapsed="5.001901"/>
</kw>
<kw name="Wait Until Element Is Visible" owner="SeleniumLibrary">
<arg>${Comunicados.Selecionar_Comunicado}</arg>
<arg>10</arg>
<doc>Waits until the element ``locator`` is visible.</doc>
<status status="PASS" start="2024-10-14T15:17:57.775329" elapsed="0.030323"/>
</kw>
<kw name="Click Element" owner="SeleniumLibrary">
<msg time="2024-10-14T15:17:57.806516" level="INFO">Clicking element '(//*[@class="ckt-subject-link"])[9]'.</msg>
<arg>${Comunicados.Selecionar_Comunicado}</arg>
<doc>Click the element identified by ``locator``.</doc>
<status status="PASS" start="2024-10-14T15:17:57.805945" elapsed="0.044395"/>
</kw>
<kw name="Sleep" owner="BuiltIn">
<msg time="2024-10-14T15:18:02.851341" level="INFO">Slept 5 seconds.</msg>
<arg>5s</arg>
<doc>Pauses the test executed for the given time.</doc>
<status status="PASS" start="2024-10-14T15:17:57.850688" elapsed="5.001282"/>
</kw>
<status status="PASS" start="2024-10-14T15:17:51.101105" elapsed="11.751318"/>
</kw>
<kw name="Fechar Navegador" owner="Login_Steps" type="TEARDOWN">
<kw name="E fecho o navegador" owner="Login_Steps">
<kw name="Close Browser" owner="SeleniumLibrary">
<doc>Closes the current browser.</doc>
<status status="PASS" start="2024-10-14T15:18:02.855570" elapsed="0.091331"/>
</kw>
<status status="PASS" start="2024-10-14T15:18:02.854657" elapsed="0.092525"/>
</kw>
<status status="PASS" start="2024-10-14T15:18:02.853400" elapsed="0.093903"/>
</kw>
<status status="PASS" start="2024-10-14T15:17:31.365201" elapsed="31.582334"/>
</test>
<status status="PASS" start="2024-10-14T15:17:31.242628" elapsed="31.705847"/>
</suite>
<statistics>
<total>
<stat pass="1" fail="0" skip="0">All Tests</stat>
</total>
<tag>
</tag>
<suite>
<stat pass="1" fail="0" skip="0" id="s1" name="TC05">TC05</stat>
</suite>
</statistics>
<errors>
</errors>
</robot>
